<?xml version="1.0" encoding="UTF-8"?>
<!-- Generated by org.testng.reporters.JUnitReportReporter -->
<testsuite hostname="LAPTOP-ARGGG25A" failures="0" tests="1" name="Autodesk.AutodeskSample" time="0.012" errors="0" timestamp="17 Jun 2021 17:50:51 GMT" skipped="0">
  <testcase classname="Autodesk.AutodeskSample" name="sampleTest" time="0.012"/>
</testsuite> <!-- Autodesk.AutodeskSample -->
